<?xml version="1.0" encoding="UTF-8"?>
<!-- Generated by org.testng.reporters.JUnitXMLReporter -->
<testsuite ignored="0" hostname="MacBook-Pro-Vasilij.local" failures="0" tests="3" name="Surefire test" time="8.825" errors="0" timestamp="14 апр. 2024 12:40:06 GMT">
  <testcase classname="testBase.AuthUserTest" name="openSiteAndPerformActions" time="6.565"/>
  <testcase classname="testBase.AuthUserTest" name="clearBdUser" time="0.02"/>
  <testcase classname="testBase.AuthUserTest" name="clickButtonTest" time="0.834"/>
</testsuite> <!-- Surefire test -->
