<?xml version="1.0" encoding="UTF-8"?>
<testsuite xmlns:xsi="http://www.w3.org/2001/XMLSchema-instance" xsi:noNamespaceSchemaLocation="https://maven.apache.org/surefire/maven-surefire-plugin/xsd/surefire-test-report.xsd" name="TestSuite" time="2.038" tests="2" errors="0" skipped="0" failures="1">
  <properties>
[...]
</properties>
  <testcase name="clearBdUser" classname="testBase.AuthUserTest" time="0.34"/>
  <testcase name="regNewUserWithWireMock" classname="testBase.AuthUserTest" time="1.09">
    <failure message="1 expectation failed.&#10;Expected status code &lt;200&gt; but was &lt;404&gt;.&#10;" type="java.lang.AssertionError"><![CDATA[java.lang.AssertionError: 
1 expectation failed.
Expected status code <200> but was <404>.

	at testBase.AuthUserTest.regNewUserWithWireMock(AuthUserTest.java:87)
]]></failure>
  </testcase>
</testsuite>