<?xml version="1.0" encoding="UTF-8"?>
<testsuite xmlns:xsi="http://www.w3.org/2001/XMLSchema-instance" xsi:noNamespaceSchemaLocation="https://maven.apache.org/surefire/maven-surefire-plugin/xsd/surefire-test-report.xsd" name="TestSuite" time="9.519" tests="3" errors="0" skipped="0" failures="0">
  <properties>
[...]
</properties>
  <testcase name="openSiteAndPerformActions" classname="testBase.AuthUserTest" time="6.921"/>
  <testcase name="clearBdUser" classname="testBase.AuthUserTest" time="0.018"/>
  <testcase name="clickButtonTest" classname="testBase.AuthUserTest" time="0.833"/>
</testsuite>