-------------------------------------------------------------------------------
Test set: TestSuite
-------------------------------------------------------------------------------
Tests run: 2, Failures: 1, Errors: 0, Skipped: 0, Time elapsed: 2.038 s <<< FAILURE! - in TestSuite
regNewUserWithWireMock(testBase.AuthUserTest)  Time elapsed: 1.09 s  <<< FAILURE!
java.lang.AssertionError: 
1 expectation failed.
Expected status code <200> but was <404>.

	at testBase.AuthUserTest.regNewUserWithWireMock(AuthUserTest.java:87)

